<?xml version="1.0" encoding="UTF-8"?>
<!-- Generated by org.testng.reporters.JUnitReportReporter -->
<testsuite hostname="LAPTOP-M7JGN4KE" failures="0" tests="1" name="cucumber.TestNGTestRunner" time="17.776" errors="0" timestamp="2024-07-13T20:53:48 IST" skipped="0">
  <testcase classname="cucumber.TestNGTestRunner" name="runScenario" time="17.776"/>
</testsuite> <!-- cucumber.TestNGTestRunner -->
