<?xml version="1.0" encoding="UTF-8"?>
<!-- Generated by org.testng.reporters.JUnitReportReporter -->
<testsuite hostname="LAPTOP-M7JGN4KE" failures="0" tests="1" name="rahulshettyacademy.tests.ErrorValidations" time="4.512" errors="0" timestamp="2024-07-11T12:04:38 IST" skipped="0">
  <testcase classname="rahulshettyacademy.tests.ErrorValidations" name="submitOrder" time="4.512"/>
</testsuite> <!-- rahulshettyacademy.tests.ErrorValidations -->
